<?xml version="1.0" encoding="UTF-8"?>
<testng-results skipped="0" failed="1" total="1" passed="0">
  <reporter-output>
    <line>
      <![CDATA[[sand 2017-01-10 15:26:52] =======================================================]]>
    </line>
    <line>
      <![CDATA[[sand 2017-01-10 15:26:52]                     测试框架执行开始]]>
    </line>
    <line>
      <![CDATA[[sand 2017-01-10 15:26:52] =======================================================]]>
    </line>
    <line>
      <![CDATA[[sand 2017-01-10 15:26:52] 初始化配置文件]]>
    </line>
    <line>
      <![CDATA[[SAND 2017-01-10 15:26:52] 测试套件【suite】执行开始]]>
    </line>
    <line>
      <![CDATA[[SAND 2017-01-10 15:26:52] 测试集【loginsuit】执行开始 ]]>
    </line>
    <line>
      <![CDATA[[SAND 2017-01-10 15:26:52] 测试方法【before】执行开始]]>
    </line>
    <line>
      <![CDATA[[SAND 2017-01-10 15:26:52] 进入测试-----]]>
    </line>
    <line>
      <![CDATA[[SAND 2017-01-10 15:26:52] 测试方法【before】执行结束]]>
    </line>
    <line>
      <![CDATA[[SAND 2017-01-10 15:26:52] 测试方法【testSearchByPage】执行开始]]>
    </line>
    <line>
      <![CDATA[[SAND 2017-01-10 15:26:52] AndPagedata:<?xml version="1.0" encoding="UTF-8"?>
<table>
  <data_name>全部路况数据</data_name>
  <status>201</status>
  <record>无数据：正在同步数据，请稍后...</record>
</table>

]]>
    </line>
    <line>
      <![CDATA[[SAND 2017-01-10 15:26:52] record.size:1]]>
    </line>
    <line>
      <![CDATA[[SAND 2017-01-10 15:26:52] field.size:0]]>
    </line>
    <line>
      <![CDATA[[SAND 2017-01-10 15:26:52] 测试方法【testSearchByPage】执行结束]]>
    </line>
    <line>
      <![CDATA[[SAND 2017-01-10 15:26:52] =======================================================]]>
    </line>
    <line>
      <![CDATA[[SAND 2017-01-10 15:26:52] 测试方法 【testSearchByPage】 执行失败]]>
    </line>
    <line>
      <![CDATA[[SAND 2017-01-10 15:26:52] 失败原因为：expected [1000] but found [0]]]>
    </line>
    <line>
      <![CDATA[[SAND 2017-01-10 15:26:52] =======================================================]]>
    </line>
    <line>
      <![CDATA[[SAND 2017-01-10 15:26:52] 测试方法【test】执行开始]]>
    </line>
    <line>
      <![CDATA[[SAND 2017-01-10 15:26:52] 退出测试-----]]>
    </line>
    <line>
      <![CDATA[[SAND 2017-01-10 15:26:52] 测试方法【test】执行结束]]>
    </line>
  </reporter-output>
  <suite name="suite" duration-ms="137" started-at="2017-01-10T07:26:52Z" finished-at="2017-01-10T07:26:52Z">
    <groups>
    </groups>
    <test name="loginsuit" duration-ms="137" started-at="2017-01-10T07:26:52Z" finished-at="2017-01-10T07:26:52Z">
      <class name="webservice.test.WebSeviceTest">
        <test-method status="PASS" signature="before()[pri:0, instance:webservice.test.WebSeviceTest@481a15ff]" name="before" is-config="true" duration-ms="5" started-at="2017-01-10T15:26:52Z" finished-at="2017-01-10T15:26:52Z">
          <reporter-output>
            <line>
              <![CDATA[[SAND 2017-01-10 15:26:52] 进入测试-----]]>
            </line>
            <line>
              <![CDATA[[SAND 2017-01-10 15:26:52] 测试方法【before】执行结束]]>
            </line>
          </reporter-output>
        </test-method> <!-- before -->
        <test-method status="FAIL" signature="testSearchByPage(java.lang.String, java.lang.String, java.lang.String, int)[pri:0, instance:webservice.test.WebSeviceTest@481a15ff]" name="testSearchByPage" duration-ms="38" started-at="2017-01-10T15:26:52Z" data-provider="xml" finished-at="2017-01-10T15:26:52Z">
          <params>
            <param index="0">
              <value>
                <![CDATA[liumm2]]>
              </value>
            </param>
            <param index="1">
              <value>
                <![CDATA[111111]]>
              </value>
            </param>
            <param index="2">
              <value>
                <![CDATA[全部路况数据]]>
              </value>
            </param>
            <param index="3">
              <value>
                <![CDATA[1]]>
              </value>
            </param>
          </params>
          <exception class="java.lang.AssertionError">
            <message>
              <![CDATA[expected [1000] but found [0]]]>
            </message>
            <full-stacktrace>
              <![CDATA[java.lang.AssertionError: expected [1000] but found [0]
	at org.testng.Assert.fail(Assert.java:94)
	at org.testng.Assert.failNotEquals(Assert.java:494)
	at org.testng.Assert.assertEquals(Assert.java:123)
	at org.testng.Assert.assertEquals(Assert.java:370)
	at org.testng.Assert.assertEquals(Assert.java:380)
	at webservice.test.WebSeviceTest.testSearchByPage(WebSeviceTest.java:83)
	at sun.reflect.NativeMethodAccessorImpl.invoke0(Native Method)
	at sun.reflect.NativeMethodAccessorImpl.invoke(NativeMethodAccessorImpl.java:62)
	at sun.reflect.DelegatingMethodAccessorImpl.invoke(DelegatingMethodAccessorImpl.java:43)
	at java.lang.reflect.Method.invoke(Method.java:483)
	at org.testng.internal.MethodInvocationHelper.invokeMethod(MethodInvocationHelper.java:85)
	at org.testng.internal.Invoker.invokeMethod(Invoker.java:696)
	at org.testng.internal.Invoker.invokeTestMethod(Invoker.java:882)
	at org.testng.internal.Invoker.invokeTestMethods(Invoker.java:1189)
	at org.testng.internal.TestMethodWorker.invokeTestMethods(TestMethodWorker.java:124)
	at org.testng.internal.TestMethodWorker.run(TestMethodWorker.java:108)
	at org.testng.TestRunner.privateRun(TestRunner.java:767)
	at org.testng.TestRunner.run(TestRunner.java:617)
	at org.testng.SuiteRunner.runTest(SuiteRunner.java:348)
	at org.testng.SuiteRunner.runSequentially(SuiteRunner.java:343)
	at org.testng.SuiteRunner.privateRun(SuiteRunner.java:305)
	at org.testng.SuiteRunner.run(SuiteRunner.java:254)
	at org.testng.SuiteRunnerWorker.runSuite(SuiteRunnerWorker.java:52)
	at org.testng.SuiteRunnerWorker.run(SuiteRunnerWorker.java:86)
	at org.testng.TestNG.runSuitesSequentially(TestNG.java:1224)
	at org.testng.TestNG.runSuitesLocally(TestNG.java:1149)
	at org.testng.TestNG.run(TestNG.java:1057)
	at org.testng.remote.AbstractRemoteTestNG.run(AbstractRemoteTestNG.java:126)
	at org.testng.remote.RemoteTestNG.initAndRun(RemoteTestNG.java:152)
	at org.testng.remote.RemoteTestNG.main(RemoteTestNG.java:57)
]]>
            </full-stacktrace>
          </exception> <!-- java.lang.AssertionError -->
          <reporter-output>
            <line>
              <![CDATA[[SAND 2017-01-10 15:26:52] AndPagedata:<?xml version="1.0" encoding="UTF-8"?>
<table>
  <data_name>全部路况数据</data_name>
  <status>201</status>
  <record>无数据：正在同步数据，请稍后...</record>
</table>

]]>
            </line>
            <line>
              <![CDATA[[SAND 2017-01-10 15:26:52] record.size:1]]>
            </line>
            <line>
              <![CDATA[[SAND 2017-01-10 15:26:52] field.size:0]]>
            </line>
            <line>
              <![CDATA[[SAND 2017-01-10 15:26:52] 测试方法【testSearchByPage】执行结束]]>
            </line>
            <line>
              <![CDATA[[SAND 2017-01-10 15:26:52] =======================================================]]>
            </line>
            <line>
              <![CDATA[[SAND 2017-01-10 15:26:52] 测试方法 【testSearchByPage】 执行失败]]>
            </line>
            <line>
              <![CDATA[[SAND 2017-01-10 15:26:52] 失败原因为：expected [1000] but found [0]]]>
            </line>
            <line>
              <![CDATA[[SAND 2017-01-10 15:26:52] =======================================================]]>
            </line>
          </reporter-output>
        </test-method> <!-- testSearchByPage -->
        <test-method status="PASS" signature="test()[pri:0, instance:webservice.test.WebSeviceTest@481a15ff]" name="test" is-config="true" duration-ms="0" started-at="2017-01-10T15:26:52Z" finished-at="2017-01-10T15:26:52Z">
          <reporter-output>
            <line>
              <![CDATA[[SAND 2017-01-10 15:26:52] 退出测试-----]]>
            </line>
            <line>
              <![CDATA[[SAND 2017-01-10 15:26:52] 测试方法【test】执行结束]]>
            </line>
          </reporter-output>
        </test-method> <!-- test -->
      </class> <!-- webservice.test.WebSeviceTest -->
    </test> <!-- loginsuit -->
  </suite> <!-- suite -->
</testng-results>
